<?xml version="1.0" encoding="UTF-8"?>
<testsuite name="org.kuro.adapters.outgoing.JsonWriterImplTest" tests="4" skipped="0" failures="0" errors="0" timestamp="2025-03-14T19:40:08" hostname="KURO" time="0.349">
  <properties/>
  <testcase name="saveToShouldThrowExceptionWhenDirectoryCannotBeCreated()" classname="org.kuro.adapters.outgoing.JsonWriterImplTest" time="0.007"/>
  <testcase name="saveToShouldThrowExceptionWhenFileCannotBeWritten()" classname="org.kuro.adapters.outgoing.JsonWriterImplTest" time="0.287"/>
  <testcase name="saveToShouldWriteJsonToExistingDirectory()" classname="org.kuro.adapters.outgoing.JsonWriterImplTest" time="0.042"/>
  <testcase name="saveToShouldCreateDirectoriesIfNeeded()" classname="org.kuro.adapters.outgoing.JsonWriterImplTest" time="0.009"/>
  <system-out><![CDATA[]]></system-out>
  <system-err><![CDATA[]]></system-err>
</testsuite>
