<?xml version="1.0" encoding="UTF-8"?>
<testsuite name="org.kuro.adapters.outgoing.FileReaderImplTest" tests="7" skipped="0" failures="0" errors="0" timestamp="2025-03-14T16:00:42" hostname="KURO" time="0.058">
  <properties/>
  <testcase name="processFilesWithDifferentFileLengthsShouldHandleCorrectly()" classname="org.kuro.adapters.outgoing.FileReaderImplTest" time="0.01"/>
  <testcase name="processFilesWithStringActionShouldReturnOriginalContent()" classname="org.kuro.adapters.outgoing.FileReaderImplTest" time="0.006"/>
  <testcase name="readFilesShouldReadMultipleFilesSuccessfully()" classname="org.kuro.adapters.outgoing.FileReaderImplTest" time="0.011"/>
  <testcase name="processFilesWithEmptyFilesShouldHandleCorrectly()" classname="org.kuro.adapters.outgoing.FileReaderImplTest" time="0.005"/>
  <testcase name="readFilesShouldThrowFileExceptionWhenFileNotFound()" classname="org.kuro.adapters.outgoing.FileReaderImplTest" time="0.006"/>
  <testcase name="processFilesWithCountActionShouldCountWords()" classname="org.kuro.adapters.outgoing.FileReaderImplTest" time="0.006"/>
  <testcase name="processFilesWithReplaceActionShouldReplaceCharacters()" classname="org.kuro.adapters.outgoing.FileReaderImplTest" time="0.006"/>
  <system-out><![CDATA[]]></system-out>
  <system-err><![CDATA[]]></system-err>
</testsuite>
