<?xml version="1.0" encoding="UTF-8"?>
<testsuite name="org.kuro.core.application.ConfigServiceTest" tests="3" skipped="0" failures="0" errors="0" timestamp="2025-03-14T18:08:33" hostname="KURO" time="0.164">
  <properties/>
  <testcase name="processConfigWithConfigNotFoundThrowsException()" classname="org.kuro.core.application.ConfigServiceTest" time="0.136"/>
  <testcase name="processConfigWithInvalidPathThrowsFileException()" classname="org.kuro.core.application.ConfigServiceTest" time="0.006"/>
  <testcase name="processConfigWithValidFilesConfigProcessesSingleFiles()" classname="org.kuro.core.application.ConfigServiceTest" time="0.02"/>
  <system-out><![CDATA[]]></system-out>
  <system-err><![CDATA[]]></system-err>
</testsuite>
