<?xml version="1.0" encoding="UTF-8"?>
<testsuite name="org.kuro.core.application.ConfigServiceTest" tests="3" skipped="0" failures="0" errors="0" timestamp="2025-03-14T15:50:55" hostname="KURO" time="0.157">
  <properties/>
  <testcase name="processConfig_withConfigNotFound_throwsException()" classname="org.kuro.core.application.ConfigServiceTest" time="0.136"/>
  <testcase name="processConfig_withInvalidPath_throwsFileException()" classname="org.kuro.core.application.ConfigServiceTest" time="0.005"/>
  <testcase name="processConfig_withValidFilesConfig_processesSingleFiles()" classname="org.kuro.core.application.ConfigServiceTest" time="0.013"/>
  <system-out><![CDATA[]]></system-out>
  <system-err><![CDATA[]]></system-err>
</testsuite>
