<?xml version="1.0" encoding="UTF-8"?>
<testsuite name="org.kuro.adapters.outgoing.ConfigReaderImplTest" tests="7" skipped="0" failures="0" errors="0" timestamp="2025-03-14T18:08:32" hostname="KURO" time="0.14">
  <properties/>
  <testcase name="readConfigurationWhenInvalidActionShouldThrowConfigurationException()" classname="org.kuro.adapters.outgoing.ConfigReaderImplTest" time="0.059"/>
  <testcase name="readConfigurationWhenInvalidModeShouldThrowConfigurationException()" classname="org.kuro.adapters.outgoing.ConfigReaderImplTest" time="0.009"/>
  <testcase name="readConfigurationWithMultipleConfigurationsShouldReturnCorrectOne()" classname="org.kuro.adapters.outgoing.ConfigReaderImplTest" time="0.018"/>
  <testcase name="readConfigurationWhenIncompleteConfigShouldThrowConfigurationException()" classname="org.kuro.adapters.outgoing.ConfigReaderImplTest" time="0.011"/>
  <testcase name="readConfigurationWhenFileDoesNotExistShouldThrowFileException()" classname="org.kuro.adapters.outgoing.ConfigReaderImplTest" time="0.007"/>
  <testcase name="readConfigurationWhenConfigExistShouldReturnConfiguration()" classname="org.kuro.adapters.outgoing.ConfigReaderImplTest" time="0.01"/>
  <testcase name="readConfigurationWhenConfigIdDoesNotExistShouldThrowConfigurationException()" classname="org.kuro.adapters.outgoing.ConfigReaderImplTest" time="0.009"/>
  <system-out><![CDATA[]]></system-out>
  <system-err><![CDATA[]]></system-err>
</testsuite>
